build/app/intermediates/manifest_merge_blame_file/release/processReleaseMainManifest/manifest-merger-blame-release-report.txt
1<?xml version="1.0" encoding="utf-8"?>
2<manifest xmlns:android="http://schemas.android.com/apk/res/android"
3    package="com.example.my_app"
4    android:versionCode="1"
5    android:versionName="1.0.0" >
6
7    <uses-sdk
8        android:minSdkVersion="21"
9        android:targetSdkVersion="34" />
10    <!--
11         Required to query activities that can process text, see:
12         https://developer.android.com/training/package-visibility and
13         https://developer.android.com/reference/android/content/Intent#ACTION_PROCESS_TEXT.
14
15         In particular, this is used by the Flutter engine in io.flutter.plugin.text.ProcessTextPlugin.
16    -->
17    <queries>
17-->src\main\AndroidManifest.xml:39:5-44:15
18        <intent>
18-->src\main\AndroidManifest.xml:40:9-43:18
19            <action android:name="android.intent.action.PROCESS_TEXT" />
19-->src\main\AndroidManifest.xml:41:13-72
19-->src\main\AndroidManifest.xml:41:21-70
20
21            <data android:mimeType="text/plain" />
21-->src\main\AndroidManifest.xml:42:13-50
21-->src\main\AndroidManifest.xml:42:19-48
22        </intent>
23        <intent>
23-->[com.razorpay:standard-core:1.6.49] AndroidManifest.xml:11:9-17:18
24            <action android:name="android.intent.action.VIEW" />
24-->[com.razorpay:standard-core:1.6.49] AndroidManifest.xml:12:13-65
24-->[com.razorpay:standard-core:1.6.49] AndroidManifest.xml:12:21-62
25
26            <data
26-->src\main\AndroidManifest.xml:42:13-50
27                android:mimeType="*/*"
27-->src\main\AndroidManifest.xml:42:19-48
28                android:scheme="*" />
29        </intent>
30        <intent>
30-->[com.razorpay:standard-core:1.6.49] AndroidManifest.xml:18:9-27:18
31            <action android:name="android.intent.action.VIEW" />
31-->[com.razorpay:standard-core:1.6.49] AndroidManifest.xml:12:13-65
31-->[com.razorpay:standard-core:1.6.49] AndroidManifest.xml:12:21-62
32
33            <category android:name="android.intent.category.BROWSABLE" />
33-->[com.razorpay:standard-core:1.6.49] AndroidManifest.xml:21:13-74
33-->[com.razorpay:standard-core:1.6.49] AndroidManifest.xml:21:23-71
34
35            <data
35-->src\main\AndroidManifest.xml:42:13-50
36                android:host="pay"
37                android:mimeType="*/*"
37-->src\main\AndroidManifest.xml:42:19-48
38                android:scheme="upi" />
39        </intent>
40        <intent>
40-->[com.razorpay:standard-core:1.6.49] AndroidManifest.xml:28:9-30:18
41            <action android:name="android.intent.action.MAIN" />
41-->src\main\AndroidManifest.xml:24:17-68
41-->src\main\AndroidManifest.xml:24:25-66
42        </intent>
43        <intent>
43-->[com.razorpay:standard-core:1.6.49] AndroidManifest.xml:31:9-35:18
44            <action android:name="android.intent.action.SEND" />
44-->[com.razorpay:standard-core:1.6.49] AndroidManifest.xml:32:13-65
44-->[com.razorpay:standard-core:1.6.49] AndroidManifest.xml:32:21-62
45
46            <data android:mimeType="*/*" />
46-->src\main\AndroidManifest.xml:42:13-50
46-->src\main\AndroidManifest.xml:42:19-48
47        </intent>
48        <intent>
48-->[com.razorpay:standard-core:1.6.49] AndroidManifest.xml:36:9-38:18
49            <action android:name="rzp.device_token.share" />
49-->[com.razorpay:standard-core:1.6.49] AndroidManifest.xml:37:13-61
49-->[com.razorpay:standard-core:1.6.49] AndroidManifest.xml:37:21-58
50        </intent>
51    </queries>
52
53    <uses-permission android:name="android.permission.INTERNET" /> <!-- Include required permissions for Google Maps API to run. -->
53-->[com.razorpay:standard-core:1.6.49] AndroidManifest.xml:8:5-67
53-->[com.razorpay:standard-core:1.6.49] AndroidManifest.xml:8:22-64
54    <uses-permission android:name="android.permission.ACCESS_NETWORK_STATE" />
54-->[com.google.android.gms:play-services-maps:17.0.0] AndroidManifest.xml:23:5-79
54-->[com.google.android.gms:play-services-maps:17.0.0] AndroidManifest.xml:23:22-76
55
56    <uses-feature
56-->[com.google.android.gms:play-services-maps:17.0.0] AndroidManifest.xml:26:5-28:35
57        android:glEsVersion="0x00020000"
57-->[com.google.android.gms:play-services-maps:17.0.0] AndroidManifest.xml:27:9-41
58        android:required="true" />
58-->[com.google.android.gms:play-services-maps:17.0.0] AndroidManifest.xml:28:9-32
59
60    <permission
60-->[androidx.core:core:1.13.1] AndroidManifest.xml:22:5-24:47
61        android:name="com.example.my_app.DYNAMIC_RECEIVER_NOT_EXPORTED_PERMISSION"
61-->[androidx.core:core:1.13.1] AndroidManifest.xml:23:9-81
62        android:protectionLevel="signature" />
62-->[androidx.core:core:1.13.1] AndroidManifest.xml:24:9-44
63
64    <uses-permission android:name="com.example.my_app.DYNAMIC_RECEIVER_NOT_EXPORTED_PERMISSION" />
64-->[androidx.core:core:1.13.1] AndroidManifest.xml:26:5-97
64-->[androidx.core:core:1.13.1] AndroidManifest.xml:26:22-94
65
66    <application
67        android:name="android.app.Application"
67-->src\main\AndroidManifest.xml:4:9-42
68        android:appComponentFactory="androidx.core.app.CoreComponentFactory"
68-->[androidx.core:core:1.13.1] AndroidManifest.xml:28:18-86
69        android:extractNativeLibs="true"
70        android:icon="@mipmap/ic_launcher"
70-->src\main\AndroidManifest.xml:5:9-43
71        android:label="myapp" >
71-->src\main\AndroidManifest.xml:3:9-30
72        <activity
72-->src\main\AndroidManifest.xml:6:9-27:20
73            android:name="com.example.my_app.MainActivity"
73-->src\main\AndroidManifest.xml:7:13-41
74            android:configChanges="orientation|keyboardHidden|keyboard|screenSize|smallestScreenSize|locale|layoutDirection|fontScale|screenLayout|density|uiMode"
74-->src\main\AndroidManifest.xml:12:13-163
75            android:exported="true"
75-->src\main\AndroidManifest.xml:8:13-36
76            android:hardwareAccelerated="true"
76-->src\main\AndroidManifest.xml:13:13-47
77            android:launchMode="singleTop"
77-->src\main\AndroidManifest.xml:9:13-43
78            android:taskAffinity=""
78-->src\main\AndroidManifest.xml:10:13-36
79            android:theme="@style/LaunchTheme"
79-->src\main\AndroidManifest.xml:11:13-47
80            android:windowSoftInputMode="adjustResize" >
80-->src\main\AndroidManifest.xml:14:13-55
81
82            <!--
83                 Specifies an Android theme to apply to this Activity as soon as
84                 the Android process has started. This theme is visible to the user
85                 while the Flutter UI initializes. After that, this theme continues
86                 to determine the Window background behind the Flutter UI.
87            -->
88            <meta-data
88-->src\main\AndroidManifest.xml:19:13-22:17
89                android:name="io.flutter.embedding.android.NormalTheme"
89-->src\main\AndroidManifest.xml:20:15-70
90                android:resource="@style/NormalTheme" />
90-->src\main\AndroidManifest.xml:21:15-52
91
92            <intent-filter>
92-->src\main\AndroidManifest.xml:23:13-26:29
93                <action android:name="android.intent.action.MAIN" />
93-->src\main\AndroidManifest.xml:24:17-68
93-->src\main\AndroidManifest.xml:24:25-66
94
95                <category android:name="android.intent.category.LAUNCHER" />
95-->src\main\AndroidManifest.xml:25:17-76
95-->src\main\AndroidManifest.xml:25:27-74
96            </intent-filter>
97        </activity>
98        <!--
99             Don't delete the meta-data below.
100             This is used by the Flutter tool to generate GeneratedPluginRegistrant.java
101        -->
102        <meta-data
102-->src\main\AndroidManifest.xml:30:9-32:33
103            android:name="flutterEmbedding"
103-->src\main\AndroidManifest.xml:31:13-44
104            android:value="2" />
104-->src\main\AndroidManifest.xml:32:13-30
105
106        <receiver
106-->[com.razorpay:standard-core:1.6.49] AndroidManifest.xml:42:9-49:20
107            android:name="com.razorpay.RzpTokenReceiver"
107-->[com.razorpay:standard-core:1.6.49] AndroidManifest.xml:43:13-57
108            android:exported="true" >
108-->[com.razorpay:standard-core:1.6.49] AndroidManifest.xml:44:13-36
109            <intent-filter>
109-->[com.razorpay:standard-core:1.6.49] AndroidManifest.xml:46:13-48:29
110                <action android:name="rzp.device_token.share" />
110-->[com.razorpay:standard-core:1.6.49] AndroidManifest.xml:37:13-61
110-->[com.razorpay:standard-core:1.6.49] AndroidManifest.xml:37:21-58
111            </intent-filter>
112        </receiver>
113
114        <activity
114-->[com.razorpay:standard-core:1.6.49] AndroidManifest.xml:51:9-59:20
115            android:name="com.razorpay.CheckoutActivity"
115-->[com.razorpay:standard-core:1.6.49] AndroidManifest.xml:52:13-57
116            android:configChanges="keyboard|keyboardHidden|orientation|screenSize"
116-->[com.razorpay:standard-core:1.6.49] AndroidManifest.xml:53:13-83
117            android:exported="false"
117-->[com.razorpay:standard-core:1.6.49] AndroidManifest.xml:54:13-37
118            android:theme="@style/CheckoutTheme" >
118-->[com.razorpay:standard-core:1.6.49] AndroidManifest.xml:55:13-49
119            <intent-filter>
119-->[com.razorpay:standard-core:1.6.49] AndroidManifest.xml:56:13-58:29
120                <action android:name="android.intent.action.MAIN" />
120-->src\main\AndroidManifest.xml:24:17-68
120-->src\main\AndroidManifest.xml:24:25-66
121            </intent-filter>
122        </activity>
123
124        <provider
124-->[com.razorpay:standard-core:1.6.49] AndroidManifest.xml:61:9-69:20
125            android:name="androidx.startup.InitializationProvider"
125-->[com.razorpay:standard-core:1.6.49] AndroidManifest.xml:62:13-67
126            android:authorities="com.example.my_app.androidx-startup"
126-->[com.razorpay:standard-core:1.6.49] AndroidManifest.xml:63:13-68
127            android:exported="false" >
127-->[com.razorpay:standard-core:1.6.49] AndroidManifest.xml:64:13-37
128            <meta-data
128-->[com.razorpay:standard-core:1.6.49] AndroidManifest.xml:66:13-68:52
129                android:name="com.razorpay.RazorpayInitializer"
129-->[com.razorpay:standard-core:1.6.49] AndroidManifest.xml:67:17-64
130                android:value="androidx.startup" />
130-->[com.razorpay:standard-core:1.6.49] AndroidManifest.xml:68:17-49
131            <meta-data
131-->[androidx.lifecycle:lifecycle-process:2.7.0] AndroidManifest.xml:29:13-31:52
132                android:name="androidx.lifecycle.ProcessLifecycleInitializer"
132-->[androidx.lifecycle:lifecycle-process:2.7.0] AndroidManifest.xml:30:17-78
133                android:value="androidx.startup" />
133-->[androidx.lifecycle:lifecycle-process:2.7.0] AndroidManifest.xml:31:17-49
134            <meta-data
134-->[androidx.profileinstaller:profileinstaller:1.3.1] AndroidManifest.xml:29:13-31:52
135                android:name="androidx.profileinstaller.ProfileInstallerInitializer"
135-->[androidx.profileinstaller:profileinstaller:1.3.1] AndroidManifest.xml:30:17-85
136                android:value="androidx.startup" />
136-->[androidx.profileinstaller:profileinstaller:1.3.1] AndroidManifest.xml:31:17-49
137        </provider>
138
139        <activity
139-->[com.razorpay:standard-core:1.6.49] AndroidManifest.xml:71:9-74:75
140            android:name="com.razorpay.MagicXActivity"
140-->[com.razorpay:standard-core:1.6.49] AndroidManifest.xml:72:13-55
141            android:exported="false"
141-->[com.razorpay:standard-core:1.6.49] AndroidManifest.xml:73:13-37
142            android:theme="@android:style/Theme.Translucent.NoTitleBar" />
142-->[com.razorpay:standard-core:1.6.49] AndroidManifest.xml:74:13-72
143
144        <meta-data
144-->[com.razorpay:standard-core:1.6.49] AndroidManifest.xml:76:9-78:58
145            android:name="com.razorpay.plugin.googlepay_all"
145-->[com.razorpay:standard-core:1.6.49] AndroidManifest.xml:77:13-61
146            android:value="com.razorpay.RzpGpayMerged" />
146-->[com.razorpay:standard-core:1.6.49] AndroidManifest.xml:78:13-55
147
148        <activity
148-->[com.google.android.gms:play-services-auth:21.1.0] AndroidManifest.xml:23:9-27:75
149            android:name="com.google.android.gms.auth.api.signin.internal.SignInHubActivity"
149-->[com.google.android.gms:play-services-auth:21.1.0] AndroidManifest.xml:24:13-93
150            android:excludeFromRecents="true"
150-->[com.google.android.gms:play-services-auth:21.1.0] AndroidManifest.xml:25:13-46
151            android:exported="false"
151-->[com.google.android.gms:play-services-auth:21.1.0] AndroidManifest.xml:26:13-37
152            android:theme="@android:style/Theme.Translucent.NoTitleBar" />
152-->[com.google.android.gms:play-services-auth:21.1.0] AndroidManifest.xml:27:13-72
153        <!--
154            Service handling Google Sign-In user revocation. For apps that do not integrate with
155            Google Sign-In, this service will never be started.
156        -->
157        <service
157-->[com.google.android.gms:play-services-auth:21.1.0] AndroidManifest.xml:33:9-37:51
158            android:name="com.google.android.gms.auth.api.signin.RevocationBoundService"
158-->[com.google.android.gms:play-services-auth:21.1.0] AndroidManifest.xml:34:13-89
159            android:exported="true"
159-->[com.google.android.gms:play-services-auth:21.1.0] AndroidManifest.xml:35:13-36
160            android:permission="com.google.android.gms.auth.api.signin.permission.REVOCATION_NOTIFICATION"
160-->[com.google.android.gms:play-services-auth:21.1.0] AndroidManifest.xml:36:13-107
161            android:visibleToInstantApps="true" /> <!-- Needs to be explicitly declared on P+ -->
161-->[com.google.android.gms:play-services-auth:21.1.0] AndroidManifest.xml:37:13-48
162        <uses-library
162-->[com.google.android.gms:play-services-maps:17.0.0] AndroidManifest.xml:33:9-35:40
163            android:name="org.apache.http.legacy"
163-->[com.google.android.gms:play-services-maps:17.0.0] AndroidManifest.xml:34:13-50
164            android:required="false" />
164-->[com.google.android.gms:play-services-maps:17.0.0] AndroidManifest.xml:35:13-37
165
166        <activity
166-->[com.google.android.gms:play-services-base:18.3.0] AndroidManifest.xml:20:9-22:45
167            android:name="com.google.android.gms.common.api.GoogleApiActivity"
167-->[com.google.android.gms:play-services-base:18.3.0] AndroidManifest.xml:20:19-85
168            android:exported="false"
168-->[com.google.android.gms:play-services-base:18.3.0] AndroidManifest.xml:22:19-43
169            android:theme="@android:style/Theme.Translucent.NoTitleBar" />
169-->[com.google.android.gms:play-services-base:18.3.0] AndroidManifest.xml:21:19-78
170
171        <meta-data
171-->[com.google.android.gms:play-services-basement:18.3.0] AndroidManifest.xml:21:9-23:69
172            android:name="com.google.android.gms.version"
172-->[com.google.android.gms:play-services-basement:18.3.0] AndroidManifest.xml:22:13-58
173            android:value="@integer/google_play_services_version" />
173-->[com.google.android.gms:play-services-basement:18.3.0] AndroidManifest.xml:23:13-66
174
175        <uses-library
175-->[androidx.window:window:1.2.0] AndroidManifest.xml:23:9-25:40
176            android:name="androidx.window.extensions"
176-->[androidx.window:window:1.2.0] AndroidManifest.xml:24:13-54
177            android:required="false" />
177-->[androidx.window:window:1.2.0] AndroidManifest.xml:25:13-37
178        <uses-library
178-->[androidx.window:window:1.2.0] AndroidManifest.xml:26:9-28:40
179            android:name="androidx.window.sidecar"
179-->[androidx.window:window:1.2.0] AndroidManifest.xml:27:13-51
180            android:required="false" />
180-->[androidx.window:window:1.2.0] AndroidManifest.xml:28:13-37
181
182        <receiver
182-->[androidx.profileinstaller:profileinstaller:1.3.1] AndroidManifest.xml:34:9-52:20
183            android:name="androidx.profileinstaller.ProfileInstallReceiver"
183-->[androidx.profileinstaller:profileinstaller:1.3.1] AndroidManifest.xml:35:13-76
184            android:directBootAware="false"
184-->[androidx.profileinstaller:profileinstaller:1.3.1] AndroidManifest.xml:36:13-44
185            android:enabled="true"
185-->[androidx.profileinstaller:profileinstaller:1.3.1] AndroidManifest.xml:37:13-35
186            android:exported="true"
186-->[androidx.profileinstaller:profileinstaller:1.3.1] AndroidManifest.xml:38:13-36
187            android:permission="android.permission.DUMP" >
187-->[androidx.profileinstaller:profileinstaller:1.3.1] AndroidManifest.xml:39:13-57
188            <intent-filter>
188-->[androidx.profileinstaller:profileinstaller:1.3.1] AndroidManifest.xml:40:13-42:29
189                <action android:name="androidx.profileinstaller.action.INSTALL_PROFILE" />
189-->[androidx.profileinstaller:profileinstaller:1.3.1] AndroidManifest.xml:41:17-91
189-->[androidx.profileinstaller:profileinstaller:1.3.1] AndroidManifest.xml:41:25-88
190            </intent-filter>
191            <intent-filter>
191-->[androidx.profileinstaller:profileinstaller:1.3.1] AndroidManifest.xml:43:13-45:29
192                <action android:name="androidx.profileinstaller.action.SKIP_FILE" />
192-->[androidx.profileinstaller:profileinstaller:1.3.1] AndroidManifest.xml:44:17-85
192-->[androidx.profileinstaller:profileinstaller:1.3.1] AndroidManifest.xml:44:25-82
193            </intent-filter>
194            <intent-filter>
194-->[androidx.profileinstaller:profileinstaller:1.3.1] AndroidManifest.xml:46:13-48:29
195                <action android:name="androidx.profileinstaller.action.SAVE_PROFILE" />
195-->[androidx.profileinstaller:profileinstaller:1.3.1] AndroidManifest.xml:47:17-88
195-->[androidx.profileinstaller:profileinstaller:1.3.1] AndroidManifest.xml:47:25-85
196            </intent-filter>
197            <intent-filter>
197-->[androidx.profileinstaller:profileinstaller:1.3.1] AndroidManifest.xml:49:13-51:29
198                <action android:name="androidx.profileinstaller.action.BENCHMARK_OPERATION" />
198-->[androidx.profileinstaller:profileinstaller:1.3.1] AndroidManifest.xml:50:17-95
198-->[androidx.profileinstaller:profileinstaller:1.3.1] AndroidManifest.xml:50:25-92
199            </intent-filter>
200        </receiver>
201    </application>
202
203</manifest>